<?xml version="1.0" encoding="UTF-8"?>
<!-- Generated by org.testng.reporters.JUnitXMLReporter -->
<testsuite ignored="0" hostname="sivareddy" failures="0" tests="3" name="TestOnWindows10Chrome" time="43.63" errors="0" timestamp="2022-03-20T11:56:02 IST">
  <testcase classname="com.learnautomation.testcases.LoginTestWithPOMWithFactory" name="login" time="8.825"/>
  <testcase classname="com.learnautomation.testcases.LoginTestWithPOMWithFactory" name="verifyTabs" time="0.04"/>
  <testcase classname="com.learnautomation.testcases.LoginTestWithPOMWithFactory" name="logOutApplication" time="2.29"/>
</testsuite> <!-- TestOnWindows10Chrome -->
