<?xml version="1.0" encoding="UTF-8"?>
<!-- Generated by org.testng.reporters.JUnitXMLReporter -->
<testsuite ignored="0" hostname="sivareddy" failures="0" tests="3" name="TestOnWindows11Chrome" time="44.103" errors="0" timestamp="2022-03-20T11:56:02 IST">
  <testcase classname="com.learnautomation.testcases.LoginTestWithPOMWithFactory" name="login" time="6.565"/>
  <testcase classname="com.learnautomation.testcases.LoginTestWithPOMWithFactory" name="verifyTabs" time="0.048"/>
  <testcase classname="com.learnautomation.testcases.LoginTestWithPOMWithFactory" name="logOutApplication" time="3.971"/>
</testsuite> <!-- TestOnWindows11Chrome -->
