<?xml version="1.0" encoding="UTF-8"?>
<testng-results ignored="0" total="6" passed="6" failed="0" skipped="0">
  <reporter-output>
  </reporter-output>
  <suite started-at="2022-03-20T11:55:18 IST" name="Test On BrowserStack with different platform" finished-at="2022-03-20T11:56:02 IST" duration-ms="44103">
    <groups>
    </groups>
    <test started-at="2022-03-20T11:55:18 IST" name="TestOnWindows11Chrome" finished-at="2022-03-20T11:56:02 IST" duration-ms="44103">
      <class name="com.learnautomation.testcases.LoginTestWithPOMWithFactory">
        <test-method is-config="true" signature="setup(java.lang.String,java.lang.String,java.lang.String,java.lang.String,java.lang.String)[pri:0, instance:com.learnautomation.testcases.LoginTestWithPOMWithFactory@4a8355dd]" started-at="2022-03-20T11:55:18 IST" name="setup" finished-at="2022-03-20T11:55:48 IST" duration-ms="29898" status="PASS">
          <params>
            <param index="0">
              <value>
                <![CDATA[]]>
              </value>
            </param>
            <param index="1">
              <value>
                <![CDATA[Windows]]>
              </value>
            </param>
            <param index="2">
              <value>
                <![CDATA[8.1]]>
              </value>
            </param>
            <param index="3">
              <value>
                <![CDATA[Chrome]]>
              </value>
            </param>
            <param index="4">
              <value>
                <![CDATA[latest]]>
              </value>
            </param>
          </params>
          <reporter-output>
          </reporter-output>
        </test-method> <!-- setup -->
        <test-method is-config="true" signature="setupDriver()[pri:0, instance:com.learnautomation.testcases.LoginTestWithPOMWithFactory@4a8355dd]" started-at="2022-03-20T11:55:49 IST" name="setupDriver" finished-at="2022-03-20T11:55:49 IST" duration-ms="1" status="PASS">
          <reporter-output>
          </reporter-output>
        </test-method> <!-- setupDriver -->
        <test-method signature="login(java.lang.String,java.lang.String)[pri:0, instance:com.learnautomation.testcases.LoginTestWithPOMWithFactory@4a8355dd]" started-at="2022-03-20T11:55:49 IST" name="login" data-provider="Login" finished-at="2022-03-20T11:55:56 IST" duration-ms="6565" status="PASS">
          <params>
            <param index="0">
              <value>
                <![CDATA[admin]]>
              </value>
            </param>
            <param index="1">
              <value>
                <![CDATA[admin123]]>
              </value>
            </param>
          </params>
          <reporter-output>
          </reporter-output>
        </test-method> <!-- login -->
        <test-method is-config="true" signature="setupDriver()[pri:0, instance:com.learnautomation.testcases.LoginTestWithPOMWithFactory@4a8355dd]" started-at="2022-03-20T11:55:56 IST" name="setupDriver" finished-at="2022-03-20T11:55:56 IST" duration-ms="0" status="PASS">
          <reporter-output>
          </reporter-output>
        </test-method> <!-- setupDriver -->
        <test-method signature="verifyTabs()[pri:1, instance:com.learnautomation.testcases.LoginTestWithPOMWithFactory@4a8355dd]" started-at="2022-03-20T11:55:56 IST" name="verifyTabs" finished-at="2022-03-20T11:55:56 IST" duration-ms="48" status="PASS">
          <reporter-output>
          </reporter-output>
        </test-method> <!-- verifyTabs -->
        <test-method signature="logOutApplication()[pri:2, instance:com.learnautomation.testcases.LoginTestWithPOMWithFactory@4a8355dd]" started-at="2022-03-20T11:55:56 IST" name="logOutApplication" finished-at="2022-03-20T11:56:00 IST" duration-ms="3971" status="PASS">
          <reporter-output>
          </reporter-output>
        </test-method> <!-- logOutApplication -->
        <test-method is-config="true" signature="setupDriver()[pri:0, instance:com.learnautomation.testcases.LoginTestWithPOMWithFactory@4a8355dd]" started-at="2022-03-20T11:55:56 IST" name="setupDriver" finished-at="2022-03-20T11:55:56 IST" duration-ms="0" status="PASS">
          <reporter-output>
          </reporter-output>
        </test-method> <!-- setupDriver -->
        <test-method is-config="true" signature="tearDown()[pri:0, instance:com.learnautomation.testcases.LoginTestWithPOMWithFactory@4a8355dd]" started-at="2022-03-20T11:56:00 IST" name="tearDown" finished-at="2022-03-20T11:56:02 IST" duration-ms="2002" status="PASS">
          <reporter-output>
          </reporter-output>
        </test-method> <!-- tearDown -->
      </class> <!-- com.learnautomation.testcases.LoginTestWithPOMWithFactory -->
    </test> <!-- TestOnWindows11Chrome -->
    <test started-at="2022-03-20T11:55:18 IST" name="TestOnWindows10Chrome" finished-at="2022-03-20T11:56:02 IST" duration-ms="43630">
      <class name="com.learnautomation.testcases.LoginTestWithPOMWithFactory">
        <test-method is-config="true" signature="setup(java.lang.String,java.lang.String,java.lang.String,java.lang.String,java.lang.String)[pri:0, instance:com.learnautomation.testcases.LoginTestWithPOMWithFactory@33ecda92]" started-at="2022-03-20T11:55:18 IST" name="setup" finished-at="2022-03-20T11:55:48 IST" duration-ms="29898" status="PASS">
          <params>
            <param index="0">
              <value>
                <![CDATA[]]>
              </value>
            </param>
            <param index="1">
              <value>
                <![CDATA[Windows]]>
              </value>
            </param>
            <param index="2">
              <value>
                <![CDATA[10]]>
              </value>
            </param>
            <param index="3">
              <value>
                <![CDATA[Chrome]]>
              </value>
            </param>
            <param index="4">
              <value>
                <![CDATA[latest]]>
              </value>
            </param>
          </params>
          <reporter-output>
          </reporter-output>
        </test-method> <!-- setup -->
        <test-method is-config="true" signature="setupDriver()[pri:0, instance:com.learnautomation.testcases.LoginTestWithPOMWithFactory@33ecda92]" started-at="2022-03-20T11:55:49 IST" name="setupDriver" finished-at="2022-03-20T11:55:49 IST" duration-ms="1" status="PASS">
          <reporter-output>
          </reporter-output>
        </test-method> <!-- setupDriver -->
        <test-method signature="login(java.lang.String,java.lang.String)[pri:0, instance:com.learnautomation.testcases.LoginTestWithPOMWithFactory@33ecda92]" started-at="2022-03-20T11:55:49 IST" name="login" data-provider="Login" finished-at="2022-03-20T11:55:58 IST" duration-ms="8825" status="PASS">
          <params>
            <param index="0">
              <value>
                <![CDATA[admin]]>
              </value>
            </param>
            <param index="1">
              <value>
                <![CDATA[admin123]]>
              </value>
            </param>
          </params>
          <reporter-output>
          </reporter-output>
        </test-method> <!-- login -->
        <test-method is-config="true" signature="setupDriver()[pri:0, instance:com.learnautomation.testcases.LoginTestWithPOMWithFactory@33ecda92]" started-at="2022-03-20T11:55:58 IST" name="setupDriver" finished-at="2022-03-20T11:55:58 IST" duration-ms="0" status="PASS">
          <reporter-output>
          </reporter-output>
        </test-method> <!-- setupDriver -->
        <test-method signature="verifyTabs()[pri:1, instance:com.learnautomation.testcases.LoginTestWithPOMWithFactory@33ecda92]" started-at="2022-03-20T11:55:58 IST" name="verifyTabs" finished-at="2022-03-20T11:55:58 IST" duration-ms="40" status="PASS">
          <reporter-output>
          </reporter-output>
        </test-method> <!-- verifyTabs -->
        <test-method is-config="true" signature="setupDriver()[pri:0, instance:com.learnautomation.testcases.LoginTestWithPOMWithFactory@33ecda92]" started-at="2022-03-20T11:55:58 IST" name="setupDriver" finished-at="2022-03-20T11:55:58 IST" duration-ms="0" status="PASS">
          <reporter-output>
          </reporter-output>
        </test-method> <!-- setupDriver -->
        <test-method signature="logOutApplication()[pri:2, instance:com.learnautomation.testcases.LoginTestWithPOMWithFactory@33ecda92]" started-at="2022-03-20T11:55:58 IST" name="logOutApplication" finished-at="2022-03-20T11:56:01 IST" duration-ms="2290" status="PASS">
          <reporter-output>
          </reporter-output>
        </test-method> <!-- logOutApplication -->
        <test-method is-config="true" signature="tearDown()[pri:0, instance:com.learnautomation.testcases.LoginTestWithPOMWithFactory@33ecda92]" started-at="2022-03-20T11:56:01 IST" name="tearDown" finished-at="2022-03-20T11:56:02 IST" duration-ms="961" status="PASS">
          <reporter-output>
          </reporter-output>
        </test-method> <!-- tearDown -->
      </class> <!-- com.learnautomation.testcases.LoginTestWithPOMWithFactory -->
    </test> <!-- TestOnWindows10Chrome -->
  </suite> <!-- Test On BrowserStack with different platform -->
</testng-results>
